

Started GET "/" for 127.0.0.1 at 2015-10-21 15:04:09 -0400
Processing by Rails::WelcomeController#index as HTML
  Rendered /usr/lib/ruby/vendor_ruby/rails/templates/rails/welcome/index.html.erb (1.9ms)
Completed 200 OK in 34ms (Views: 25.5ms | ActiveRecord: 0.0ms)


Started GET "/" for 127.0.0.1 at 2015-10-21 15:10:52 -0400
Processing by Rails::WelcomeController#index as HTML
  Rendered /usr/lib/ruby/vendor_ruby/rails/templates/rails/welcome/index.html.erb (17.8ms)
Completed 200 OK in 33ms (Views: 24.8ms | ActiveRecord: 0.0ms)


Started GET "/welcome" for 127.0.0.1 at 2015-10-21 15:11:01 -0400
Processing by PagesController#home as HTML
  Rendered pages/home.html.erb within layouts/application (0.3ms)
Completed 200 OK in 1231ms (Views: 1230.5ms | ActiveRecord: 0.0ms)


Started GET "/assets/application.css?body=1" for 127.0.0.1 at 2015-10-21 15:11:03 -0400


Started GET "/assets/pages.css?body=1" for 127.0.0.1 at 2015-10-21 15:11:03 -0400


Started GET "/assets/jquery_ujs.js?body=1" for 127.0.0.1 at 2015-10-21 15:11:03 -0400


Started GET "/assets/jquery.js?body=1" for 127.0.0.1 at 2015-10-21 15:11:03 -0400


Started GET "/assets/turbolinks.js?body=1" for 127.0.0.1 at 2015-10-21 15:11:03 -0400


Started GET "/assets/pages.js?body=1" for 127.0.0.1 at 2015-10-21 15:11:03 -0400


Started GET "/assets/application.js?body=1" for 127.0.0.1 at 2015-10-21 15:11:03 -0400


Started GET "/" for 127.0.0.1 at 2015-10-22 10:44:11 -0400
Processing by Rails::WelcomeController#index as HTML
  Rendered /usr/lib/ruby/vendor_ruby/rails/templates/rails/welcome/index.html.erb (10.0ms)
Completed 200 OK in 55ms (Views: 47.7ms | ActiveRecord: 0.0ms)


Started GET "/welcome" for 127.0.0.1 at 2015-10-22 10:44:24 -0400
Processing by PagesController#home as HTML
  Rendered pages/home.html.erb within layouts/application (0.3ms)
Completed 200 OK in 337ms (Views: 336.7ms | ActiveRecord: 0.0ms)


Started GET "/stylesheets/bootstrap.css" for 127.0.0.1 at 2015-10-22 10:44:24 -0400

ActionController::RoutingError (No route matches [GET] "/stylesheets/bootstrap.css"):
  /usr/lib/ruby/vendor_ruby/action_dispatch/middleware/debug_exceptions.rb:21:in `call'
  /usr/lib/ruby/vendor_ruby/action_dispatch/middleware/show_exceptions.rb:30:in `call'
  /usr/lib/ruby/vendor_ruby/rails/rack/logger.rb:38:in `call_app'
  /usr/lib/ruby/vendor_ruby/rails/rack/logger.rb:20:in `block in call'
  /usr/lib/ruby/vendor_ruby/active_support/tagged_logging.rb:67:in `block in tagged'
  /usr/lib/ruby/vendor_ruby/active_support/tagged_logging.rb:25:in `tagged'
  /usr/lib/ruby/vendor_ruby/active_support/tagged_logging.rb:67:in `tagged'
  /usr/lib/ruby/vendor_ruby/rails/rack/logger.rb:20:in `call'
  /usr/lib/ruby/vendor_ruby/action_dispatch/middleware/request_id.rb:21:in `call'
  rack (1.5.5) lib/rack/methodoverride.rb:21:in `call'
  rack (1.5.5) lib/rack/runtime.rb:17:in `call'
  /usr/lib/ruby/vendor_ruby/active_support/cache/strategy/local_cache.rb:83:in `call'
  rack (1.5.5) lib/rack/lock.rb:17:in `call'
  /usr/lib/ruby/vendor_ruby/action_dispatch/middleware/static.rb:64:in `call'
  rack (1.5.5) lib/rack/sendfile.rb:112:in `call'
  /usr/lib/ruby/vendor_ruby/rails/engine.rb:511:in `call'
  /usr/lib/ruby/vendor_ruby/rails/application.rb:97:in `call'
  rack (1.5.5) lib/rack/lock.rb:17:in `call'
  rack (1.5.5) lib/rack/content_length.rb:14:in `call'
  rack (1.5.5) lib/rack/handler/webrick.rb:60:in `service'
  /usr/lib/ruby/1.9.1/webrick/httpserver.rb:138:in `service'
  /usr/lib/ruby/1.9.1/webrick/httpserver.rb:94:in `run'
  /usr/lib/ruby/1.9.1/webrick/server.rb:191:in `block in start_thread'


  Rendered /usr/lib/ruby/vendor_ruby/action_dispatch/middleware/templates/rescues/_trace.erb (0.9ms)
  Rendered /usr/lib/ruby/vendor_ruby/action_dispatch/middleware/templates/routes/_route.html.erb (0.5ms)
  Rendered /usr/lib/ruby/vendor_ruby/action_dispatch/middleware/templates/routes/_table.html.erb (13.3ms)
  Rendered /usr/lib/ruby/vendor_ruby/action_dispatch/middleware/templates/rescues/routing_error.erb within rescues/layout (168.7ms)


Started GET "/assets/pages.css?body=1" for 127.0.0.1 at 2015-10-22 10:44:24 -0400


Started GET "/assets/application.css?body=1" for 127.0.0.1 at 2015-10-22 10:44:24 -0400


Started GET "/assets/jquery.js?body=1" for 127.0.0.1 at 2015-10-22 10:44:24 -0400


Started GET "/assets/jquery_ujs.js?body=1" for 127.0.0.1 at 2015-10-22 10:44:24 -0400


Started GET "/assets/turbolinks.js?body=1" for 127.0.0.1 at 2015-10-22 10:44:24 -0400


Started GET "/assets/pages.js?body=1" for 127.0.0.1 at 2015-10-22 10:44:24 -0400


Started GET "/assets/application.js?body=1" for 127.0.0.1 at 2015-10-22 10:44:24 -0400


Started GET "/welcome" for 127.0.0.1 at 2015-10-22 10:47:30 -0400
Processing by PagesController#home as HTML
  Rendered pages/home.html.erb within layouts/application (7.9ms)
Completed 200 OK in 56ms (Views: 48.0ms | ActiveRecord: 0.0ms)


Started GET "/stylesheets/bootstrap.css" for 127.0.0.1 at 2015-10-22 10:47:31 -0400

ActionController::RoutingError (No route matches [GET] "/stylesheets/bootstrap.css"):
  /usr/lib/ruby/vendor_ruby/action_dispatch/middleware/debug_exceptions.rb:21:in `call'
  /usr/lib/ruby/vendor_ruby/action_dispatch/middleware/show_exceptions.rb:30:in `call'
  /usr/lib/ruby/vendor_ruby/rails/rack/logger.rb:38:in `call_app'
  /usr/lib/ruby/vendor_ruby/rails/rack/logger.rb:20:in `block in call'
  /usr/lib/ruby/vendor_ruby/active_support/tagged_logging.rb:67:in `block in tagged'
  /usr/lib/ruby/vendor_ruby/active_support/tagged_logging.rb:25:in `tagged'
  /usr/lib/ruby/vendor_ruby/active_support/tagged_logging.rb:67:in `tagged'
  /usr/lib/ruby/vendor_ruby/rails/rack/logger.rb:20:in `call'
  /usr/lib/ruby/vendor_ruby/action_dispatch/middleware/request_id.rb:21:in `call'
  rack (1.5.5) lib/rack/methodoverride.rb:21:in `call'
  rack (1.5.5) lib/rack/runtime.rb:17:in `call'
  /usr/lib/ruby/vendor_ruby/active_support/cache/strategy/local_cache.rb:83:in `call'
  rack (1.5.5) lib/rack/lock.rb:17:in `call'
  /usr/lib/ruby/vendor_ruby/action_dispatch/middleware/static.rb:64:in `call'
  rack (1.5.5) lib/rack/sendfile.rb:112:in `call'
  /usr/lib/ruby/vendor_ruby/rails/engine.rb:511:in `call'
  /usr/lib/ruby/vendor_ruby/rails/application.rb:97:in `call'
  rack (1.5.5) lib/rack/lock.rb:17:in `call'
  rack (1.5.5) lib/rack/content_length.rb:14:in `call'
  rack (1.5.5) lib/rack/handler/webrick.rb:60:in `service'
  /usr/lib/ruby/1.9.1/webrick/httpserver.rb:138:in `service'
  /usr/lib/ruby/1.9.1/webrick/httpserver.rb:94:in `run'
  /usr/lib/ruby/1.9.1/webrick/server.rb:191:in `block in start_thread'


  Rendered /usr/lib/ruby/vendor_ruby/action_dispatch/middleware/templates/rescues/_trace.erb (0.8ms)
  Rendered /usr/lib/ruby/vendor_ruby/action_dispatch/middleware/templates/routes/_route.html.erb (0.6ms)
  Rendered /usr/lib/ruby/vendor_ruby/action_dispatch/middleware/templates/routes/_table.html.erb (5.4ms)
  Rendered /usr/lib/ruby/vendor_ruby/action_dispatch/middleware/templates/rescues/routing_error.erb within rescues/layout (36.8ms)


Started GET "/assets/application.css?body=1" for 127.0.0.1 at 2015-10-22 10:47:31 -0400


Started GET "/assets/turbolinks.js?body=1" for 127.0.0.1 at 2015-10-22 10:47:31 -0400


Started GET "/assets/jquery_ujs.js?body=1" for 127.0.0.1 at 2015-10-22 10:47:31 -0400


Started GET "/assets/jquery.js?body=1" for 127.0.0.1 at 2015-10-22 10:47:31 -0400


Started GET "/assets/pages.css?body=1" for 127.0.0.1 at 2015-10-22 10:47:31 -0400


Started GET "/assets/pages.js?body=1" for 127.0.0.1 at 2015-10-22 10:47:31 -0400


Started GET "/assets/application.js?body=1" for 127.0.0.1 at 2015-10-22 10:47:31 -0400


Started GET "/welcome" for 127.0.0.1 at 2015-10-22 10:51:17 -0400
Processing by PagesController#home as HTML
  Rendered pages/home.html.erb within layouts/application (7.2ms)
Completed 200 OK in 55ms (Views: 47.8ms | ActiveRecord: 0.0ms)


Started GET "/stylesheets/bootstrap.css" for 127.0.0.1 at 2015-10-22 10:51:17 -0400

ActionController::RoutingError (No route matches [GET] "/stylesheets/bootstrap.css"):
  /usr/lib/ruby/vendor_ruby/action_dispatch/middleware/debug_exceptions.rb:21:in `call'
  /usr/lib/ruby/vendor_ruby/action_dispatch/middleware/show_exceptions.rb:30:in `call'
  /usr/lib/ruby/vendor_ruby/rails/rack/logger.rb:38:in `call_app'
  /usr/lib/ruby/vendor_ruby/rails/rack/logger.rb:20:in `block in call'
  /usr/lib/ruby/vendor_ruby/active_support/tagged_logging.rb:67:in `block in tagged'
  /usr/lib/ruby/vendor_ruby/active_support/tagged_logging.rb:25:in `tagged'
  /usr/lib/ruby/vendor_ruby/active_support/tagged_logging.rb:67:in `tagged'
  /usr/lib/ruby/vendor_ruby/rails/rack/logger.rb:20:in `call'
  /usr/lib/ruby/vendor_ruby/action_dispatch/middleware/request_id.rb:21:in `call'
  rack (1.5.5) lib/rack/methodoverride.rb:21:in `call'
  rack (1.5.5) lib/rack/runtime.rb:17:in `call'
  /usr/lib/ruby/vendor_ruby/active_support/cache/strategy/local_cache.rb:83:in `call'
  rack (1.5.5) lib/rack/lock.rb:17:in `call'
  /usr/lib/ruby/vendor_ruby/action_dispatch/middleware/static.rb:64:in `call'
  rack (1.5.5) lib/rack/sendfile.rb:112:in `call'
  /usr/lib/ruby/vendor_ruby/rails/engine.rb:511:in `call'
  /usr/lib/ruby/vendor_ruby/rails/application.rb:97:in `call'
  rack (1.5.5) lib/rack/lock.rb:17:in `call'
  rack (1.5.5) lib/rack/content_length.rb:14:in `call'
  rack (1.5.5) lib/rack/handler/webrick.rb:60:in `service'
  /usr/lib/ruby/1.9.1/webrick/httpserver.rb:138:in `service'
  /usr/lib/ruby/1.9.1/webrick/httpserver.rb:94:in `run'
  /usr/lib/ruby/1.9.1/webrick/server.rb:191:in `block in start_thread'


  Rendered /usr/lib/ruby/vendor_ruby/action_dispatch/middleware/templates/rescues/_trace.erb (2.4ms)
  Rendered /usr/lib/ruby/vendor_ruby/action_dispatch/middleware/templates/routes/_route.html.erb (0.6ms)
  Rendered /usr/lib/ruby/vendor_ruby/action_dispatch/middleware/templates/routes/_table.html.erb (6.0ms)
  Rendered /usr/lib/ruby/vendor_ruby/action_dispatch/middleware/templates/rescues/routing_error.erb within rescues/layout (54.5ms)


Started GET "/assets/application.css?body=1" for 127.0.0.1 at 2015-10-22 10:51:17 -0400


Started GET "/assets/jquery.js?body=1" for 127.0.0.1 at 2015-10-22 10:51:17 -0400


Started GET "/assets/jquery_ujs.js?body=1" for 127.0.0.1 at 2015-10-22 10:51:17 -0400


Started GET "/assets/pages.css?body=1" for 127.0.0.1 at 2015-10-22 10:51:17 -0400


Started GET "/assets/turbolinks.js?body=1" for 127.0.0.1 at 2015-10-22 10:51:17 -0400


Started GET "/assets/pages.js?body=1" for 127.0.0.1 at 2015-10-22 10:51:17 -0400


Started GET "/assets/application.js?body=1" for 127.0.0.1 at 2015-10-22 10:51:17 -0400


Started GET "/welcome" for 127.0.0.1 at 2015-10-22 10:51:19 -0400
Processing by PagesController#home as HTML
  Rendered pages/home.html.erb within layouts/application (7.5ms)
Completed 200 OK in 15ms (Views: 14.9ms | ActiveRecord: 0.0ms)


Started GET "/stylesheets/bootstrap.css" for 127.0.0.1 at 2015-10-22 10:51:19 -0400

ActionController::RoutingError (No route matches [GET] "/stylesheets/bootstrap.css"):
  /usr/lib/ruby/vendor_ruby/action_dispatch/middleware/debug_exceptions.rb:21:in `call'
  /usr/lib/ruby/vendor_ruby/action_dispatch/middleware/show_exceptions.rb:30:in `call'
  /usr/lib/ruby/vendor_ruby/rails/rack/logger.rb:38:in `call_app'
  /usr/lib/ruby/vendor_ruby/rails/rack/logger.rb:20:in `block in call'
  /usr/lib/ruby/vendor_ruby/active_support/tagged_logging.rb:67:in `block in tagged'
  /usr/lib/ruby/vendor_ruby/active_support/tagged_logging.rb:25:in `tagged'
  /usr/lib/ruby/vendor_ruby/active_support/tagged_logging.rb:67:in `tagged'
  /usr/lib/ruby/vendor_ruby/rails/rack/logger.rb:20:in `call'
  /usr/lib/ruby/vendor_ruby/action_dispatch/middleware/request_id.rb:21:in `call'
  rack (1.5.5) lib/rack/methodoverride.rb:21:in `call'
  rack (1.5.5) lib/rack/runtime.rb:17:in `call'
  /usr/lib/ruby/vendor_ruby/active_support/cache/strategy/local_cache.rb:83:in `call'
  rack (1.5.5) lib/rack/lock.rb:17:in `call'
  /usr/lib/ruby/vendor_ruby/action_dispatch/middleware/static.rb:64:in `call'
  rack (1.5.5) lib/rack/sendfile.rb:112:in `call'
  /usr/lib/ruby/vendor_ruby/rails/engine.rb:511:in `call'
  /usr/lib/ruby/vendor_ruby/rails/application.rb:97:in `call'
  rack (1.5.5) lib/rack/lock.rb:17:in `call'
  rack (1.5.5) lib/rack/content_length.rb:14:in `call'
  rack (1.5.5) lib/rack/handler/webrick.rb:60:in `service'
  /usr/lib/ruby/1.9.1/webrick/httpserver.rb:138:in `service'
  /usr/lib/ruby/1.9.1/webrick/httpserver.rb:94:in `run'
  /usr/lib/ruby/1.9.1/webrick/server.rb:191:in `block in start_thread'


  Rendered /usr/lib/ruby/vendor_ruby/action_dispatch/middleware/templates/rescues/_trace.erb (1.3ms)
  Rendered /usr/lib/ruby/vendor_ruby/action_dispatch/middleware/templates/routes/_route.html.erb (0.6ms)
  Rendered /usr/lib/ruby/vendor_ruby/action_dispatch/middleware/templates/routes/_table.html.erb (0.9ms)
  Rendered /usr/lib/ruby/vendor_ruby/action_dispatch/middleware/templates/rescues/routing_error.erb within rescues/layout (14.5ms)


Started GET "/assets/application.css?body=1" for 127.0.0.1 at 2015-10-22 10:51:19 -0400


Started GET "/assets/jquery.js?body=1" for 127.0.0.1 at 2015-10-22 10:51:19 -0400


Started GET "/assets/pages.css?body=1" for 127.0.0.1 at 2015-10-22 10:51:19 -0400


Started GET "/assets/jquery_ujs.js?body=1" for 127.0.0.1 at 2015-10-22 10:51:19 -0400


Started GET "/assets/turbolinks.js?body=1" for 127.0.0.1 at 2015-10-22 10:51:19 -0400


Started GET "/assets/pages.js?body=1" for 127.0.0.1 at 2015-10-22 10:51:19 -0400


Started GET "/assets/application.js?body=1" for 127.0.0.1 at 2015-10-22 10:51:19 -0400


Started GET "/welcome" for 127.0.0.1 at 2015-10-22 10:51:20 -0400
Processing by PagesController#home as HTML
  Rendered pages/home.html.erb within layouts/application (5.7ms)
Completed 200 OK in 33ms (Views: 32.7ms | ActiveRecord: 0.0ms)


Started GET "/stylesheets/bootstrap.css" for 127.0.0.1 at 2015-10-22 10:51:20 -0400

ActionController::RoutingError (No route matches [GET] "/stylesheets/bootstrap.css"):
  /usr/lib/ruby/vendor_ruby/action_dispatch/middleware/debug_exceptions.rb:21:in `call'
  /usr/lib/ruby/vendor_ruby/action_dispatch/middleware/show_exceptions.rb:30:in `call'
  /usr/lib/ruby/vendor_ruby/rails/rack/logger.rb:38:in `call_app'
  /usr/lib/ruby/vendor_ruby/rails/rack/logger.rb:20:in `block in call'
  /usr/lib/ruby/vendor_ruby/active_support/tagged_logging.rb:67:in `block in tagged'
  /usr/lib/ruby/vendor_ruby/active_support/tagged_logging.rb:25:in `tagged'
  /usr/lib/ruby/vendor_ruby/active_support/tagged_logging.rb:67:in `tagged'
  /usr/lib/ruby/vendor_ruby/rails/rack/logger.rb:20:in `call'
  /usr/lib/ruby/vendor_ruby/action_dispatch/middleware/request_id.rb:21:in `call'
  rack (1.5.5) lib/rack/methodoverride.rb:21:in `call'
  rack (1.5.5) lib/rack/runtime.rb:17:in `call'
  /usr/lib/ruby/vendor_ruby/active_support/cache/strategy/local_cache.rb:83:in `call'
  rack (1.5.5) lib/rack/lock.rb:17:in `call'
  /usr/lib/ruby/vendor_ruby/action_dispatch/middleware/static.rb:64:in `call'
  rack (1.5.5) lib/rack/sendfile.rb:112:in `call'
  /usr/lib/ruby/vendor_ruby/rails/engine.rb:511:in `call'
  /usr/lib/ruby/vendor_ruby/rails/application.rb:97:in `call'
  rack (1.5.5) lib/rack/lock.rb:17:in `call'
  rack (1.5.5) lib/rack/content_length.rb:14:in `call'
  rack (1.5.5) lib/rack/handler/webrick.rb:60:in `service'
  /usr/lib/ruby/1.9.1/webrick/httpserver.rb:138:in `service'
  /usr/lib/ruby/1.9.1/webrick/httpserver.rb:94:in `run'
  /usr/lib/ruby/1.9.1/webrick/server.rb:191:in `block in start_thread'


  Rendered /usr/lib/ruby/vendor_ruby/action_dispatch/middleware/templates/rescues/_trace.erb (0.9ms)
  Rendered /usr/lib/ruby/vendor_ruby/action_dispatch/middleware/templates/routes/_route.html.erb (0.6ms)
  Rendered /usr/lib/ruby/vendor_ruby/action_dispatch/middleware/templates/routes/_table.html.erb (0.9ms)
  Rendered /usr/lib/ruby/vendor_ruby/action_dispatch/middleware/templates/rescues/routing_error.erb within rescues/layout (23.9ms)


Started GET "/assets/application.css?body=1" for 127.0.0.1 at 2015-10-22 10:51:20 -0400


Started GET "/assets/turbolinks.js?body=1" for 127.0.0.1 at 2015-10-22 10:51:20 -0400


Started GET "/assets/jquery.js?body=1" for 127.0.0.1 at 2015-10-22 10:51:20 -0400


Started GET "/assets/jquery_ujs.js?body=1" for 127.0.0.1 at 2015-10-22 10:51:20 -0400


Started GET "/assets/pages.css?body=1" for 127.0.0.1 at 2015-10-22 10:51:20 -0400


Started GET "/assets/pages.js?body=1" for 127.0.0.1 at 2015-10-22 10:51:20 -0400


Started GET "/assets/application.js?body=1" for 127.0.0.1 at 2015-10-22 10:51:20 -0400
